<?xml version="1.0" encoding="UTF-8"?>
<!-- Generated by org.testng.reporters.JUnitReportReporter -->
<testsuite hostname="DESKTOP-129QNFA" failures="0" tests="2" name="package1.Test3" time="2.007" errors="0" timestamp="2020-06-09T16:12:49 IST" skipped="0">
  <testcase classname="package1.Test3" name="m6" time="1.005"/>
  <testcase classname="package1.Test3" name="m5" time="1.002"/>
</testsuite> <!-- package1.Test3 -->
