<?xml version="1.0" encoding="UTF-8"?>
<!-- Generated by org.testng.reporters.JUnitReportReporter -->
<testsuite hostname="DESKTOP-129QNFA" failures="0" tests="2" name="package2.Test4" time="2.009" errors="0" timestamp="2020-06-09T16:12:49 IST" skipped="0">
  <testcase classname="package2.Test4" name="m7" time="1.005"/>
  <testcase classname="package2.Test4" name="m8" time="1.004"/>
</testsuite> <!-- package2.Test4 -->
