<?xml version="1.0" encoding="UTF-8"?>
<!-- Generated by org.testng.reporters.JUnitReportReporter -->
<testsuite hostname="DESKTOP-129QNFA" failures="0" tests="5" name="package1.Test1" time="62.803" errors="0" timestamp="2020-06-09T16:32:26 IST" skipped="0">
  <testcase classname="package1.Test1" name="m1" time="12.269"/>
  <testcase classname="package1.Test1" name="m1" time="12.079"/>
  <testcase classname="package1.Test1" name="m1" time="12.079"/>
  <testcase classname="package1.Test1" name="m1" time="14.207"/>
  <testcase classname="package1.Test1" name="m1" time="12.169"/>
</testsuite> <!-- package1.Test1 -->
