<?xml version="1.0" encoding="UTF-8"?>
<!-- Generated by org.testng.reporters.JUnitReportReporter -->
<testsuite hostname="DESKTOP-129QNFA" failures="0" tests="2" name="Test1" time="0.018" errors="0" timestamp="2020-06-07T01:40:10 IST" skipped="0">
  <testcase classname="Test1" name="m2" time="0.010"/>
  <testcase classname="Test1" name="m1" time="0.008"/>
</testsuite> <!-- Test1 -->
