<?xml version="1.0" encoding="UTF-8"?>
<!-- Generated by org.testng.reporters.JUnitReportReporter -->
<testsuite hostname="DESKTOP-129QNFA" failures="0" tests="2" name="package1.Test2" time="2.045" errors="0" timestamp="2020-06-09T16:12:49 IST" skipped="0">
  <testcase classname="package1.Test2" name="m3" time="1.030"/>
  <testcase classname="package1.Test2" name="m4" time="1.015"/>
</testsuite> <!-- package1.Test2 -->
